     0.000 D | Testing "/home/orest/.local/share/PollyMC/qtlogging.ini" ...
     0.000 D | Testing "/usr/qtlogging.ini" ...
     0.000 D | <> Log initialized.
     0.000 D | <> No migration needed from "PolyMC"
     0.000 D | <> No migration needed from "MultiMC"
     0.000 D | "PollyMC" , (c) 2013-2021  "© 2022-2023 PollyMC Contributors\n© 2022-2023 Prism Launcher Contributors\n© 2021-2022 PolyMC Contributors \n© 2012-2021 MultiMC Contributors"
     0.000 D | Version                    :  "7.1"
     0.000 D | Git commit                 :  "13b2c15abc8e0416f60e64c1a630edb3dd59325c"
     0.000 D | Git refspec                :  "refs/heads/develop"
     0.000 D | Work dir before adjustment :  "/home/orest"
     0.000 D | Work dir after adjustment  :  "/home/orest/.local/share/PollyMC"
     0.000 D | Adjusted by                :  "Persistent data path"
     0.000 D | Binary path                :  "/usr/bin"
     0.000 D | Application root path      :  "/usr"
     0.000 D | <> Paths set.
     0.023 D | Detected default console font: "Cascadia Code" , substitutions: ""
     0.027 D | <> Settings loaded.
     0.028 D | Detecting proxy settings...
     0.028 D | Using no proxy is an option!
     0.028 D | <> Network done.
     0.029 D | Loading Application Language File for uk ...
     0.030 D | Your language is "uk"
     0.030 D | <> Translations loaded.
     0.030 D | Started watching  "/home/orest/.local/share/PollyMC/icons"
     0.030 D | Sorting icon list...
     0.031 D | <> Instance icons intialized.
     0.031 D | [Theme] <> Icon themes initialized.
     0.031 D | [Theme] <> Initializing Widget Themes
     0.031 D | [Theme] Determining System Theme...
     0.031 D | [Theme] System theme seems to be: "fusion"
     0.031 D | [Theme] Considering theme from theme factory: "windows"
     0.031 D | [Theme] Considering theme from theme factory: "fusion"
     0.031 D | [Theme] System theme has been determined to be: "Fusion"
     0.031 D | [Theme] Loading Built-in Theme: "system"
     0.031 D | [Theme] Loading Built-in Theme: "dark"
     0.031 D | [Theme] Loading Built-in Theme: "bright"
     0.031 D | [Theme] Theme Folder Path:  "/home/orest/.local/share/PollyMC/themes"
     0.031 D | [Theme] Loading JSON Theme from: "/home/orest/.local/share/PollyMC/themes/Catppuccin-Frappe/theme.json"
     0.032 D | [Theme] Loading JSON Theme from: "/home/orest/.local/share/PollyMC/themes/Catppuccin-Latte/theme.json"
     0.033 D | [Theme] Loading JSON Theme from: "/home/orest/.local/share/PollyMC/themes/Catppuccin-Macchiato/theme.json"
     0.034 D | [Theme] Loading JSON Theme from: "/home/orest/.local/share/PollyMC/themes/Catppuccin-Mocha/theme.json"
     0.034 D | [Theme] <> Widget themes initialized.
     0.034 D | Instance path              :  "instances"
     0.034 D | Loading Instances...
     0.034 D | Discovering instances in "/home/orest/.local/share/PollyMC/instances"
     0.034 D | <> Instances loaded.
     0.034 D | Loading accounts...
     0.034 C | "Failed to read the account list file (accounts.json)."
     0.034 D | <> Accounts loaded.
     0.035 D | <> Cache initialized.
     0.035 D | Downloading Translations Index...
     0.035 D | [launcher.task]: Task "NetJob(Translations Index ID: cd2492ed-4573-475c-9120-7649cace526b)" starting for the first time
     0.035 D | [Theme] <> Icon theme set.
     0.035 D | [Theme] applying theme "Системний"
     0.035 D | [Theme] <> Application theme set.
     0.065 D | Reloading news.
     0.065 D | [launcher.task]: Task "NetJob(News RSS Feed ID: 9f4a0e4d-30a9-46e7-a2ab-f1d6c16d7ab1)" starting for the first time
     0.114 D | <> Main window shown.
     0.138 D | [launcher.task]: Task "Net::Download(BYTES:https://prismlauncher.org/feed/feed.xml ID: cc876d76-6843-421d-b453-813dfac28a73)" starting for the first time
     0.138 D | [launcher.task.net.download]: "{cc876d76-6843-421d-b453-813dfac28a73}" Downloading  "https://prismlauncher.org/feed/feed.xml"
     0.147 D | [launcher.task]: Task "Net::Download(CACHE:https://i18n.prismlauncher.org/index_v2.json ID: d29fdef4-b662-4a96-9969-50682b8132a7)" starting for the first time
     0.148 D | [launcher.task.net.download]: "{d29fdef4-b662-4a96-9969-50682b8132a7}" Downloading  "https://i18n.prismlauncher.org/index_v2.json"
     0.148 D | Dir changed: "/home/orest/.local/share/PollyMC/translations"
     0.149 D | Loading Application Language File for uk ...
     0.470 D | [launcher.task.net.download]: "{cc876d76-6843-421d-b453-813dfac28a73}" Download succeeded: "https://prismlauncher.org/feed/feed.xml"
     0.470 D | [launcher.task]: Task "NetJob(News RSS Feed ID: 9f4a0e4d-30a9-46e7-a2ab-f1d6c16d7ab1)" succeeded
     0.470 D | Finished loading RSS feed.
     0.493 D | Loaded news entry "Prism Launcher Release 7.1, now available"
     0.493 D | Loaded news entry "Prism Launcher Release 7.0, now available"
     0.493 D | Loaded news entry "FTB Modpack Downloading Removal."
     0.493 D | Loaded news entry "[MALWARE WARNING] \"fractureiser\" malware in many popular Minecraft mods and modpacks"
     0.493 D | Loaded news entry "Happy Pride Month!"
     0.493 D | Loaded news entry "[SECURITY UPDATE] Prism Launcher Release 6.3, now available"
     0.493 D | Loaded news entry "Prism Launcher Release 6.2, now available"
     0.493 D | Loaded news entry "Prism Launcher Release 6.1, now available"
     0.493 D | Loaded news entry "Prism Launcher Release 6.0, now available"
     0.493 D | Loaded news entry "Prism Launcher Release 5.2, now available"
     0.493 D | Loaded news entry "Prism Launcher Release 5.1, now available"
     0.494 D | Loaded news entry "Prism Launcher Release 5.0, now available"
     0.494 D | Loaded news entry "PolyMC Update 1.4.2, now available"
     0.494 D | Loaded news entry "PolyMC Update 1.4.1, now available"
     0.494 D | Loaded news entry "PolyMC Update 1.4.0, now available"
     0.494 D | Loaded news entry "PolyMC Update 1.3.2, now available"
     0.494 D | Loaded news entry "PolyMC Update 1.3.1, now available"
     0.494 D | Loaded news entry "PolyMC Update 1.3.0, now available"
     0.494 D | Loaded news entry "PolyMC Update 1.2.2, now available (CurseForge Hotfix)"
     0.494 D | Loaded news entry "PolyMC Update 1.2.1, now available"
     0.494 D | Loaded news entry "PolyMC Update 1.2.0, now available"
     0.494 D | Loaded news entry "PolyMC Update 1.1.1, now available"
     0.495 D | Loaded news entry "PolyMC Update 1.1.0, now available"
     0.495 D | Loaded news entry "Moving on"
     0.495 D | Loaded news entry "Modrinth support and Mod downloading"
     0.495 D | Loaded news entry "New maintainers and step down."
     0.495 D | News loading succeeded.
     0.571 D | [launcher.task.net.metacache]: Parsing 'Cache-Control' header with "max-age=600"
     0.571 D | [launcher.task.net.metacache]: Parsing 'Age' header with "491"
     0.571 D | [launcher.task.net.download]: "{d29fdef4-b662-4a96-9969-50682b8132a7}" Download succeeded: "https://i18n.prismlauncher.org/index_v2.json"
     0.571 D | [launcher.task]: Task "NetJob(Translations Index ID: cd2492ed-4573-475c-9120-7649cace526b)" succeeded
     0.571 D | Got translations index!
     0.572 D | [launcher.task]: Task "NetJob(Translation for uk ID: 51189801-c0d9-41fe-aa98-365797aca0d4)" starting for the first time
     0.572 D | [launcher.task]: Task "Net::Download(CACHE:https://i18n.prismlauncher.org/2bb24315a983dcf7de088c5b83178f2bbef0cc1f.class ID: ad439617-08e8-4a4e-a9a7-36c555ff716b)" starting for the first time
     0.572 D | [launcher.task.net.download]: "{ad439617-08e8-4a4e-a9a7-36c555ff716b}" Downloading  "https://i18n.prismlauncher.org/2bb24315a983dcf7de088c5b83178f2bbef0cc1f.class"
     0.573 D | Dir changed: "/home/orest/.local/share/PollyMC/translations"
     0.578 D | Loading Application Language File for uk ...
     0.629 D | [launcher.task.net.metacache]: Parsing 'Cache-Control' header with "max-age=600"
     0.629 D | [launcher.task.net.metacache]: Parsing 'Age' header with "170"
     0.629 D | [launcher.task.net.download]: "{ad439617-08e8-4a4e-a9a7-36c555ff716b}" Download succeeded: "https://i18n.prismlauncher.org/2bb24315a983dcf7de088c5b83178f2bbef0cc1f.class"
     0.629 D | [launcher.task]: Task "NetJob(Translation for uk ID: 51189801-c0d9-41fe-aa98-365797aca0d4)" succeeded
     0.629 D | Got translation: "uk"
     0.630 D | Loading Application Language File for uk ...
     6.214 D | [Theme] <> Icon theme set.
     6.214 D | [Theme] applying theme "Catppuccin Mocha"
     6.362 D | [Theme] <> Application theme set.
     9.158 D | Paged dialog close requested
     9.159 D | Sorting icon list...
     9.160 D | Detecting proxy settings...
     9.160 D | Using no proxy is an option!
     9.160 D | Paged dialog close approved
     9.160 D | Paged dialog geometry saved
     9.183 D | Discovering instances in "/home/orest/.local/share/PollyMC/instances"
    18.013 D | [Theme] <> Icon theme set.
    18.014 D | [Theme] applying theme "Catppuccin Mocha"
    18.209 D | [Theme] <> Application theme set.
    20.253 D | [Theme] <> Icon theme set.
    20.253 D | [Theme] applying theme "Catppuccin Mocha"
    20.449 D | [Theme] <> Application theme set.
    22.945 D | [Theme] <> Icon theme set.
    22.945 D | [Theme] applying theme "Catppuccin Mocha"
    23.095 D | [Theme] <> Application theme set.
    25.637 D | [Theme] <> Icon theme set.
    25.637 D | [Theme] applying theme "Catppuccin Mocha"
    25.788 D | [Theme] <> Application theme set.
    28.869 D | Paged dialog close requested
    28.869 D | Sorting icon list...
    28.869 D | Detecting proxy settings...
    28.869 D | Using no proxy is an option!
    28.870 D | Paged dialog close approved
    28.870 D | Paged dialog geometry saved
    28.888 D | Discovering instances in "/home/orest/.local/share/PollyMC/instances"
    30.207 D | [launcher.task.net.metacache.http]: Saving metacache with 21 entries
   287.676 D | Adding  "icons/b6d62169-667f-480c-af4d-6a302324fc36"
   287.680 D | Sorting icon list...
   287.713 D | Checking  "icons/b6d62169-667f-480c-af4d-6a302324fc36"
   287.715 D | Checking  "icons/b6d62169-667f-480c-af4d-6a302324fc36"
   293.417 D | Removing  "icons/b6d62169-667f-480c-af4d-6a302324fc36"
   293.418 D | Sorting icon list...
   319.352 D | Adding  "icons/release.zip"
   319.352 D | Sorting icon list...
   319.385 D | Sorting icon list...
   319.385 D | Checking  "icons/release.zip"
   319.414 D | Sorting icon list...
   327.479 D | Sorting icon list...
   327.481 D | Sorting icon list...
   333.942 D | Removing  "icons/release.zip"
   333.942 D | Sorting icon list...
   353.747 D | Sorting icon list...
   359.922 D | Sorting icon list...
